# JRE version: OpenJDK Runtime Environment Temurin-17.0.5+8 (17.0.5+8) (build 17.0.5+8)
# Java VM: OpenJDK 64-Bit Server VM Temurin-17.0.5+8 (17.0.5+8, mixed mode, emulated-client, tiered, compressed oops, compressed class ptrs, g1 gc, windows-amd64)
GC Precious Log:
 CPUs: 8 total, 8 available
 Memory: 8066M
 Large Page Support: Disabled
 NUMA Support: Disabled
 Compressed Oops: Enabled (32-bit)
 Heap Region Size: 1M
 Heap Min Capacity: 8M
 Heap Initial Capacity: 128M
 Heap Max Capacity: 2018M
 Pre-touch: Disabled
 Parallel Workers: 8
 Concurrent Workers: 2
 Concurrent Refinement Workers: 8
 Periodic GC: Disabled
Heap:
 garbage-first heap   total 294912K, used 92205K [0x0000000081e00000, 0x0000000100000000)
  region size 1024K, 12 young (12288K), 12 survivors (12288K)
 Metaspace       used 37152K, committed 37568K, reserved 1089536K
  class space    used 4837K, committed 5056K, reserved 1048576K
GC Heap History (20 events):
Event: 7.402 GC heap after
{Heap after GC invocations=16 (full 0):
 garbage-first heap   total 133120K, used 37413K [0x0000000081e00000, 0x0000000100000000)
  region size 1024K, 3 young (3072K), 3 survivors (3072K)
 Metaspace       used 36261K, committed 36672K, reserved 1081344K
  class space    used 4769K, committed 4992K, reserved 1048576K
}
Event: 7.535 GC heap before
{Heap before GC invocations=17 (full 0):
 garbage-first heap   total 133120K, used 89637K [0x0000000081e00000, 0x0000000100000000)
  region size 1024K, 55 young (56320K), 3 survivors (3072K)
 Metaspace       used 36310K, committed 36736K, reserved 1081344K
  class space    used 4773K, committed 4992K, reserved 1048576K
}
Event: 7.544 GC heap after
{Heap after GC invocations=18 (full 0):
 garbage-first heap   total 133120K, used 50494K [0x0000000081e00000, 0x0000000100000000)
  region size 1024K, 7 young (7168K), 7 survivors (7168K)
 Metaspace       used 36310K, committed 36736K, reserved 1081344K
  class space    used 4773K, committed 4992K, reserved 1048576K
}
Event: 7.713 GC heap before
{Heap before GC invocations=18 (full 0):
 garbage-first heap   total 133120K, used 86334K [0x0000000081e00000, 0x0000000100000000)
  region size 1024K, 41 young (41984K), 7 survivors (7168K)
 Metaspace       used 36840K, committed 37248K, reserved 1089536K
  class space    used 4808K, committed 4992K, reserved 1048576K
}
Event: 7.731 GC heap after
{Heap after GC invocations=19 (full 0):
 garbage-first heap   total 133120K, used 67199K [0x0000000081e00000, 0x0000000100000000)
  region size 1024K, 6 young (6144K), 6 survivors (6144K)
 Metaspace       used 36840K, committed 37248K, reserved 1089536K
  class space    used 4808K, committed 4992K, reserved 1048576K
}
Event: 7.753 GC heap before
{Heap before GC invocations=19 (full 0):
 garbage-first heap   total 133120K, used 93823K [0x0000000081e00000, 0x0000000100000000)
  region size 1024K, 33 young (33792K), 6 survivors (6144K)
 Metaspace       used 37027K, committed 37440K, reserved 1089536K
  class space    used 4817K, committed 5056K, reserved 1048576K
}
Event: 7.759 GC heap after
{Heap after GC invocations=20 (full 0):
 garbage-first heap   total 133120K, used 71404K [0x0000000081e00000, 0x0000000100000000)
  region size 1024K, 3 young (3072K), 3 survivors (3072K)
 Metaspace       used 37027K, committed 37440K, reserved 1089536K
  class space    used 4817K, committed 5056K, reserved 1048576K
}
Event: 7.776 GC heap before
{Heap before GC invocations=20 (full 0):
 garbage-first heap   total 133120K, used 97004K [0x0000000081e00000, 0x0000000100000000)
  region size 1024K, 29 young (29696K), 3 survivors (3072K)
 Metaspace       used 37034K, committed 37440K, reserved 1089536K
  class space    used 4819K, committed 5056K, reserved 1048576K
}
Event: 7.781 GC heap after
{Heap after GC invocations=21 (full 0):
 garbage-first heap   total 133120K, used 72981K [0x0000000081e00000, 0x0000000100000000)
  region size 1024K, 2 young (2048K), 2 survivors (2048K)
 Metaspace       used 37034K, committed 37440K, reserved 1089536K
  class space    used 4819K, committed 5056K, reserved 1048576K
}
Event: 7.794 GC heap before
{Heap before GC invocations=21 (full 0):
 garbage-first heap   total 133120K, used 99605K [0x0000000081e00000, 0x0000000100000000)
  region size 1024K, 29 young (29696K), 2 survivors (2048K)
 Metaspace       used 37037K, committed 37440K, reserved 1089536K
  class space    used 4819K, committed 5056K, reserved 1048576K
}
Event: 7.797 GC heap after
{Heap after GC invocations=22 (full 0):
 garbage-first heap   total 294912K, used 73861K [0x0000000081e00000, 0x0000000100000000)
  region size 1024K, 3 young (3072K), 3 survivors (3072K)
 Metaspace       used 37037K, committed 37440K, reserved 1089536K
  class space    used 4819K, committed 5056K, reserved 1048576K
}
Event: 7.852 GC heap before
{Heap before GC invocations=22 (full 0):
 garbage-first heap   total 294912K, used 159877K [0x0000000081e00000, 0x0000000100000000)
  region size 1024K, 89 young (91136K), 3 survivors (3072K)
 Metaspace       used 37151K, committed 37568K, reserved 1089536K
  class space    used 4836K, committed 5056K, reserved 1048576K
}
Event: 7.856 GC heap after
{Heap after GC invocations=23 (full 0):
 garbage-first heap   total 294912K, used 76268K [0x0000000081e00000, 0x0000000100000000)
  region size 1024K, 6 young (6144K), 6 survivors (6144K)
 Metaspace       used 37151K, committed 37568K, reserved 1089536K
  class space    used 4836K, committed 5056K, reserved 1048576K
}
Event: 7.896 GC heap before
{Heap before GC invocations=24 (full 0):
 garbage-first heap   total 294912K, used 210412K [0x0000000081e00000, 0x0000000100000000)
  region size 1024K, 138 young (141312K), 6 survivors (6144K)
 Metaspace       used 37151K, committed 37568K, reserved 1089536K
  class space    used 4836K, committed 5056K, reserved 1048576K
}
Event: 7.903 GC heap after
{Heap after GC invocations=25 (full 0):
 garbage-first heap   total 294912K, used 81302K [0x0000000081e00000, 0x0000000100000000)
  region size 1024K, 11 young (11264K), 11 survivors (11264K)
 Metaspace       used 37151K, committed 37568K, reserved 1089536K
  class space    used 4836K, committed 5056K, reserved 1048576K
}
Event: 7.904 GC heap before
{Heap before GC invocations=25 (full 0):
 garbage-first heap   total 294912K, used 83350K [0x0000000081e00000, 0x0000000100000000)
  region size 1024K, 14 young (14336K), 11 survivors (11264K)
 Metaspace       used 37151K, committed 37568K, reserved 1089536K
  class space    used 4836K, committed 5056K, reserved 1048576K
}
Event: 7.910 GC heap after
{Heap after GC invocations=26 (full 0):
 garbage-first heap   total 294912K, used 81920K [0x0000000081e00000, 0x0000000100000000)
  region size 1024K, 2 young (2048K), 2 survivors (2048K)
 Metaspace       used 37151K, committed 37568K, reserved 1089536K
  class space    used 4836K, committed 5056K, reserved 1048576K
}
Event: 7.939 GC heap before
{Heap before GC invocations=26 (full 0):
 garbage-first heap   total 294912K, used 217088K [0x0000000081e00000, 0x0000000100000000)
  region size 1024K, 135 young (138240K), 2 survivors (2048K)
 Metaspace       used 37152K, committed 37568K, reserved 1089536K
  class space    used 4837K, committed 5056K, reserved 1048576K
}
Event: 7.942 GC heap after
{Heap after GC invocations=27 (full 0):
 garbage-first heap   total 294912K, used 86421K [0x0000000081e00000, 0x0000000100000000)
  region size 1024K, 7 young (7168K), 7 survivors (7168K)
 Metaspace       used 37152K, committed 37568K, reserved 1089536K
  class space    used 4837K, committed 5056K, reserved 1048576K
}
Event: 7.975 GC heap before
{Heap before GC invocations=27 (full 0):
 garbage-first heap   total 294912K, used 223637K [0x0000000081e00000, 0x0000000100000000)
  region size 1024K, 142 young (145408K), 7 survivors (7168K)
 Metaspace       used 37152K, committed 37568K, reserved 1089536K
  class space    used 4837K, committed 5056K, reserved 1048576K
}

