# JRE version: OpenJDK Runtime Environment Temurin-17.0.5+8 (17.0.5+8) (build 17.0.5+8)
# Java VM: OpenJDK 64-Bit Server VM Temurin-17.0.5+8 (17.0.5+8, mixed mode, emulated-client, tiered, compressed oops, compressed class ptrs, g1 gc, windows-amd64)
GC Precious Log:
 CPUs: 8 total, 8 available
 Memory: 8066M
 Large Page Support: Disabled
 NUMA Support: Disabled
 Compressed Oops: Enabled (32-bit)
 Heap Region Size: 1M
 Heap Min Capacity: 8M
 Heap Initial Capacity: 128M
 Heap Max Capacity: 2018M
 Pre-touch: Disabled
 Parallel Workers: 8
 Concurrent Workers: 2
 Concurrent Refinement Workers: 8
 Periodic GC: Disabled
Heap:
 garbage-first heap   total 303104K, used 119933K [0x0000000081e00000, 0x0000000100000000)
  region size 1024K, 12 young (12288K), 12 survivors (12288K)
 Metaspace       used 39728K, committed 40128K, reserved 1089536K
  class space    used 5085K, committed 5248K, reserved 1048576K
GC Heap History (20 events):
Event: 19.853 GC heap after
{Heap after GC invocations=21 (full 0):
 garbage-first heap   total 151552K, used 75395K [0x0000000081e00000, 0x0000000100000000)
  region size 1024K, 4 young (4096K), 4 survivors (4096K)
 Metaspace       used 39458K, committed 39872K, reserved 1089536K
  class space    used 5038K, committed 5184K, reserved 1048576K
}
Event: 19.909 GC heap before
{Heap before GC invocations=21 (full 0):
 garbage-first heap   total 151552K, used 113283K [0x0000000081e00000, 0x0000000100000000)
  region size 1024K, 42 young (43008K), 4 survivors (4096K)
 Metaspace       used 39477K, committed 39872K, reserved 1089536K
  class space    used 5039K, committed 5184K, reserved 1048576K
}
Event: 19.914 GC heap after
{Heap after GC invocations=22 (full 0):
 garbage-first heap   total 151552K, used 77095K [0x0000000081e00000, 0x0000000100000000)
  region size 1024K, 5 young (5120K), 5 survivors (5120K)
 Metaspace       used 39477K, committed 39872K, reserved 1089536K
  class space    used 5039K, committed 5184K, reserved 1048576K
}
Event: 19.968 GC heap before
{Heap before GC invocations=22 (full 0):
 garbage-first heap   total 151552K, used 117031K [0x0000000081e00000, 0x0000000100000000)
  region size 1024K, 45 young (46080K), 5 survivors (5120K)
 Metaspace       used 39477K, committed 39872K, reserved 1089536K
  class space    used 5039K, committed 5184K, reserved 1048576K
}
Event: 19.978 GC heap after
{Heap after GC invocations=23 (full 0):
 garbage-first heap   total 303104K, used 79020K [0x0000000081e00000, 0x0000000100000000)
  region size 1024K, 4 young (4096K), 4 survivors (4096K)
 Metaspace       used 39477K, committed 39872K, reserved 1089536K
  class space    used 5039K, committed 5184K, reserved 1048576K
}
Event: 20.762 GC heap before
{Heap before GC invocations=24 (full 0):
 garbage-first heap   total 303104K, used 234668K [0x0000000081e00000, 0x0000000100000000)
  region size 1024K, 158 young (161792K), 4 survivors (4096K)
 Metaspace       used 39477K, committed 39872K, reserved 1089536K
  class space    used 5039K, committed 5184K, reserved 1048576K
}
Event: 20.771 GC heap after
{Heap after GC invocations=25 (full 0):
 garbage-first heap   total 303104K, used 83662K [0x0000000081e00000, 0x0000000100000000)
  region size 1024K, 10 young (10240K), 10 survivors (10240K)
 Metaspace       used 39477K, committed 39872K, reserved 1089536K
  class space    used 5039K, committed 5184K, reserved 1048576K
}
Event: 20.796 GC heap before
{Heap before GC invocations=25 (full 0):
 garbage-first heap   total 303104K, used 86734K [0x0000000081e00000, 0x0000000100000000)
  region size 1024K, 14 young (14336K), 10 survivors (10240K)
 Metaspace       used 39477K, committed 39872K, reserved 1089536K
  class space    used 5039K, committed 5184K, reserved 1048576K
}
Event: 20.813 GC heap after
{Heap after GC invocations=26 (full 0):
 garbage-first heap   total 303104K, used 83129K [0x0000000081e00000, 0x0000000100000000)
  region size 1024K, 2 young (2048K), 2 survivors (2048K)
 Metaspace       used 39477K, committed 39872K, reserved 1089536K
  class space    used 5039K, committed 5184K, reserved 1048576K
}
Event: 21.153 GC heap before
{Heap before GC invocations=26 (full 0):
 garbage-first heap   total 303104K, used 238777K [0x0000000081e00000, 0x0000000100000000)
  region size 1024K, 155 young (158720K), 2 survivors (2048K)
 Metaspace       used 39477K, committed 39872K, reserved 1089536K
  class space    used 5040K, committed 5184K, reserved 1048576K
}
Event: 21.161 GC heap after
{Heap after GC invocations=27 (full 0):
 garbage-first heap   total 303104K, used 88434K [0x0000000081e00000, 0x0000000100000000)
  region size 1024K, 7 young (7168K), 7 survivors (7168K)
 Metaspace       used 39477K, committed 39872K, reserved 1089536K
  class space    used 5040K, committed 5184K, reserved 1048576K
}
Event: 21.388 GC heap before
{Heap before GC invocations=27 (full 0):
 garbage-first heap   total 303104K, used 243058K [0x0000000081e00000, 0x0000000100000000)
  region size 1024K, 159 young (162816K), 7 survivors (7168K)
 Metaspace       used 39477K, committed 39872K, reserved 1089536K
  class space    used 5040K, committed 5184K, reserved 1048576K
}
Event: 21.405 GC heap after
{Heap after GC invocations=28 (full 0):
 garbage-first heap   total 303104K, used 95036K [0x0000000081e00000, 0x0000000100000000)
  region size 1024K, 13 young (13312K), 13 survivors (13312K)
 Metaspace       used 39477K, committed 39872K, reserved 1089536K
  class space    used 5040K, committed 5184K, reserved 1048576K
}
Event: 22.000 GC heap before
{Heap before GC invocations=28 (full 0):
 garbage-first heap   total 303104K, used 246588K [0x0000000081e00000, 0x0000000100000000)
  region size 1024K, 162 young (165888K), 13 survivors (13312K)
 Metaspace       used 39477K, committed 39872K, reserved 1089536K
  class space    used 5040K, committed 5184K, reserved 1048576K
}
Event: 22.015 GC heap after
{Heap after GC invocations=29 (full 0):
 garbage-first heap   total 303104K, used 102068K [0x0000000081e00000, 0x0000000100000000)
  region size 1024K, 14 young (14336K), 14 survivors (14336K)
 Metaspace       used 39477K, committed 39872K, reserved 1089536K
  class space    used 5040K, committed 5184K, reserved 1048576K
}
Event: 22.701 GC heap before
{Heap before GC invocations=29 (full 0):
 garbage-first heap   total 303104K, used 249524K [0x0000000081e00000, 0x0000000100000000)
  region size 1024K, 159 young (162816K), 14 survivors (14336K)
 Metaspace       used 39477K, committed 39872K, reserved 1089536K
  class space    used 5040K, committed 5184K, reserved 1048576K
}
Event: 22.716 GC heap after
{Heap after GC invocations=30 (full 0):
 garbage-first heap   total 303104K, used 107903K [0x0000000081e00000, 0x0000000100000000)
  region size 1024K, 13 young (13312K), 13 survivors (13312K)
 Metaspace       used 39477K, committed 39872K, reserved 1089536K
  class space    used 5040K, committed 5184K, reserved 1048576K
}
Event: 23.091 GC heap before
{Heap before GC invocations=30 (full 0):
 garbage-first heap   total 303104K, used 253311K [0x0000000081e00000, 0x0000000100000000)
  region size 1024K, 156 young (159744K), 13 survivors (13312K)
 Metaspace       used 39477K, committed 39872K, reserved 1089536K
  class space    used 5040K, committed 5184K, reserved 1048576K
}
Event: 23.104 GC heap after
{Heap after GC invocations=31 (full 0):
 garbage-first heap   total 303104K, used 114526K [0x0000000081e00000, 0x0000000100000000)
  region size 1024K, 12 young (12288K), 12 survivors (12288K)
 Metaspace       used 39477K, committed 39872K, reserved 1089536K
  class space    used 5040K, committed 5184K, reserved 1048576K
}
Event: 23.889 GC heap before
{Heap before GC invocations=31 (full 0):
 garbage-first heap   total 303104K, used 253790K [0x0000000081e00000, 0x0000000100000000)
  region size 1024K, 149 young (152576K), 12 survivors (12288K)
 Metaspace       used 39728K, committed 40128K, reserved 1089536K
  class space    used 5085K, committed 5248K, reserved 1048576K
}

