# JRE version: OpenJDK Runtime Environment Temurin-17.0.5+8 (17.0.5+8) (build 17.0.5+8)
# Java VM: OpenJDK 64-Bit Server VM Temurin-17.0.5+8 (17.0.5+8, mixed mode, emulated-client, tiered, compressed oops, compressed class ptrs, g1 gc, windows-amd64)
GC Precious Log:
 CPUs: 8 total, 8 available
 Memory: 8066M
 Large Page Support: Disabled
 NUMA Support: Disabled
 Compressed Oops: Enabled (32-bit)
 Heap Region Size: 1M
 Heap Min Capacity: 8M
 Heap Initial Capacity: 128M
 Heap Max Capacity: 2018M
 Pre-touch: Disabled
 Parallel Workers: 8
 Concurrent Workers: 2
 Concurrent Refinement Workers: 8
 Periodic GC: Disabled
Heap:
 garbage-first heap   total 238592K, used 89547K [0x0000000081e00000, 0x0000000100000000)
  region size 1024K, 10 young (10240K), 10 survivors (10240K)
 Metaspace       used 38724K, committed 39104K, reserved 1089536K
  class space    used 4946K, committed 5120K, reserved 1048576K
GC Heap History (20 events):
Event: 7.429 GC heap after
{Heap after GC invocations=13 (full 0):
 garbage-first heap   total 82944K, used 39887K [0x0000000081e00000, 0x0000000100000000)
  region size 1024K, 4 young (4096K), 4 survivors (4096K)
 Metaspace       used 36685K, committed 37056K, reserved 1089536K
  class space    used 4791K, committed 4992K, reserved 1048576K
}
Event: 7.518 GC heap before
{Heap before GC invocations=13 (full 0):
 garbage-first heap   total 82944K, used 62415K [0x0000000081e00000, 0x0000000100000000)
  region size 1024K, 26 young (26624K), 4 survivors (4096K)
 Metaspace       used 36829K, committed 37184K, reserved 1089536K
  class space    used 4803K, committed 4992K, reserved 1048576K
}
Event: 7.531 GC heap after
{Heap after GC invocations=14 (full 0):
 garbage-first heap   total 116736K, used 47104K [0x0000000081e00000, 0x0000000100000000)
  region size 1024K, 4 young (4096K), 4 survivors (4096K)
 Metaspace       used 36829K, committed 37184K, reserved 1089536K
  class space    used 4803K, committed 4992K, reserved 1048576K
}
Event: 7.929 GC heap before
{Heap before GC invocations=14 (full 0):
 garbage-first heap   total 116736K, used 82944K [0x0000000081e00000, 0x0000000100000000)
  region size 1024K, 40 young (40960K), 4 survivors (4096K)
 Metaspace       used 38212K, committed 38592K, reserved 1089536K
  class space    used 4892K, committed 5056K, reserved 1048576K
}
Event: 7.942 GC heap after
{Heap after GC invocations=15 (full 0):
 garbage-first heap   total 116736K, used 53744K [0x0000000081e00000, 0x0000000100000000)
  region size 1024K, 5 young (5120K), 5 survivors (5120K)
 Metaspace       used 38212K, committed 38592K, reserved 1089536K
  class space    used 4892K, committed 5056K, reserved 1048576K
}
Event: 8.120 GC heap before
{Heap before GC invocations=15 (full 0):
 garbage-first heap   total 116736K, used 86512K [0x0000000081e00000, 0x0000000100000000)
  region size 1024K, 36 young (36864K), 5 survivors (5120K)
 Metaspace       used 38501K, committed 38912K, reserved 1089536K
  class space    used 4920K, committed 5120K, reserved 1048576K
}
Event: 8.165 GC heap after
{Heap after GC invocations=16 (full 0):
 garbage-first heap   total 116736K, used 69632K [0x0000000081e00000, 0x0000000100000000)
  region size 1024K, 5 young (5120K), 5 survivors (5120K)
 Metaspace       used 38501K, committed 38912K, reserved 1089536K
  class space    used 4920K, committed 5120K, reserved 1048576K
}
Event: 8.194 GC heap before
{Heap before GC invocations=16 (full 0):
 garbage-first heap   total 116736K, used 87040K [0x0000000081e00000, 0x0000000100000000)
  region size 1024K, 23 young (23552K), 5 survivors (5120K)
 Metaspace       used 38540K, committed 38976K, reserved 1089536K
  class space    used 4922K, committed 5120K, reserved 1048576K
}
Event: 8.200 GC heap after
{Heap after GC invocations=17 (full 0):
 garbage-first heap   total 116736K, used 72086K [0x0000000081e00000, 0x0000000100000000)
  region size 1024K, 2 young (2048K), 2 survivors (2048K)
 Metaspace       used 38540K, committed 38976K, reserved 1089536K
  class space    used 4922K, committed 5120K, reserved 1048576K
}
Event: 8.230 GC heap before
{Heap before GC invocations=17 (full 0):
 garbage-first heap   total 116736K, used 89494K [0x0000000081e00000, 0x0000000100000000)
  region size 1024K, 20 young (20480K), 2 survivors (2048K)
 Metaspace       used 38540K, committed 38976K, reserved 1089536K
  class space    used 4922K, committed 5120K, reserved 1048576K
}
Event: 8.235 GC heap after
{Heap after GC invocations=18 (full 0):
 garbage-first heap   total 238592K, used 72352K [0x0000000081e00000, 0x0000000100000000)
  region size 1024K, 2 young (2048K), 2 survivors (2048K)
 Metaspace       used 38540K, committed 38976K, reserved 1089536K
  class space    used 4922K, committed 5120K, reserved 1048576K
}
Event: 8.350 GC heap before
{Heap before GC invocations=18 (full 0):
 garbage-first heap   total 238592K, used 153248K [0x0000000081e00000, 0x0000000100000000)
  region size 1024K, 82 young (83968K), 2 survivors (2048K)
 Metaspace       used 38691K, committed 39040K, reserved 1089536K
  class space    used 4943K, committed 5120K, reserved 1048576K
}
Event: 8.357 GC heap after
{Heap after GC invocations=19 (full 0):
 garbage-first heap   total 238592K, used 76312K [0x0000000081e00000, 0x0000000100000000)
  region size 1024K, 6 young (6144K), 6 survivors (6144K)
 Metaspace       used 38691K, committed 39040K, reserved 1089536K
  class space    used 4943K, committed 5120K, reserved 1048576K
}
Event: 8.469 GC heap before
{Heap before GC invocations=20 (full 0):
 garbage-first heap   total 238592K, used 176664K [0x0000000081e00000, 0x0000000100000000)
  region size 1024K, 107 young (109568K), 6 survivors (6144K)
 Metaspace       used 38691K, committed 39040K, reserved 1089536K
  class space    used 4943K, committed 5120K, reserved 1048576K
}
Event: 8.481 GC heap after
{Heap after GC invocations=21 (full 0):
 garbage-first heap   total 238592K, used 80689K [0x0000000081e00000, 0x0000000100000000)
  region size 1024K, 12 young (12288K), 12 survivors (12288K)
 Metaspace       used 38691K, committed 39040K, reserved 1089536K
  class space    used 4943K, committed 5120K, reserved 1048576K
}
Event: 8.482 GC heap before
{Heap before GC invocations=21 (full 0):
 garbage-first heap   total 238592K, used 80689K [0x0000000081e00000, 0x0000000100000000)
  region size 1024K, 13 young (13312K), 12 survivors (12288K)
 Metaspace       used 38691K, committed 39040K, reserved 1089536K
  class space    used 4943K, committed 5120K, reserved 1048576K
}
Event: 8.491 GC heap after
{Heap after GC invocations=22 (full 0):
 garbage-first heap   total 238592K, used 81318K [0x0000000081e00000, 0x0000000100000000)
  region size 1024K, 2 young (2048K), 2 survivors (2048K)
 Metaspace       used 38691K, committed 39040K, reserved 1089536K
  class space    used 4943K, committed 5120K, reserved 1048576K
}
Event: 8.553 GC heap before
{Heap before GC invocations=22 (full 0):
 garbage-first heap   total 238592K, used 183718K [0x0000000081e00000, 0x0000000100000000)
  region size 1024K, 103 young (105472K), 2 survivors (2048K)
 Metaspace       used 38691K, committed 39040K, reserved 1089536K
  class space    used 4943K, committed 5120K, reserved 1048576K
}
Event: 8.557 GC heap after
{Heap after GC invocations=23 (full 0):
 garbage-first heap   total 238592K, used 84978K [0x0000000081e00000, 0x0000000100000000)
  region size 1024K, 5 young (5120K), 5 survivors (5120K)
 Metaspace       used 38691K, committed 39040K, reserved 1089536K
  class space    used 4943K, committed 5120K, reserved 1048576K
}
Event: 8.629 GC heap before
{Heap before GC invocations=23 (full 0):
 garbage-first heap   total 238592K, used 187378K [0x0000000081e00000, 0x0000000100000000)
  region size 1024K, 106 young (108544K), 5 survivors (5120K)
 Metaspace       used 38724K, committed 39104K, reserved 1089536K
  class space    used 4946K, committed 5120K, reserved 1048576K
}

