# JRE version: OpenJDK Runtime Environment Temurin-17.0.5+8 (17.0.5+8) (build 17.0.5+8)
# Java VM: OpenJDK 64-Bit Server VM Temurin-17.0.5+8 (17.0.5+8, mixed mode, emulated-client, tiered, compressed oops, compressed class ptrs, g1 gc, windows-amd64)
GC Precious Log:
 CPUs: 8 total, 8 available
 Memory: 8066M
 Large Page Support: Disabled
 NUMA Support: Disabled
 Compressed Oops: Enabled (32-bit)
 Heap Region Size: 1M
 Heap Min Capacity: 8M
 Heap Initial Capacity: 128M
 Heap Max Capacity: 2018M
 Pre-touch: Disabled
 Parallel Workers: 8
 Concurrent Workers: 2
 Concurrent Refinement Workers: 8
 Periodic GC: Disabled
Heap:
 garbage-first heap   total 157696K, used 77070K [0x0000000081e00000, 0x0000000100000000)
  region size 1024K, 6 young (6144K), 6 survivors (6144K)
 Metaspace       used 37928K, committed 38336K, reserved 1089536K
  class space    used 4906K, committed 5120K, reserved 1048576K
GC Heap History (20 events):
Event: 6.678 GC heap after
{Heap after GC invocations=9 (full 0):
 garbage-first heap   total 78848K, used 19872K [0x0000000081e00000, 0x0000000100000000)
  region size 1024K, 2 young (2048K), 2 survivors (2048K)
 Metaspace       used 35800K, committed 36096K, reserved 1081344K
  class space    used 4682K, committed 4800K, reserved 1048576K
}
Event: 6.801 GC heap before
{Heap before GC invocations=10 (full 0):
 garbage-first heap   total 78848K, used 53664K [0x0000000081e00000, 0x0000000100000000)
  region size 1024K, 36 young (36864K), 2 survivors (2048K)
 Metaspace       used 35962K, committed 36352K, reserved 1081344K
  class space    used 4713K, committed 4864K, reserved 1048576K
}
Event: 6.806 GC heap after
{Heap after GC invocations=11 (full 0):
 garbage-first heap   total 78848K, used 26529K [0x0000000081e00000, 0x0000000100000000)
  region size 1024K, 5 young (5120K), 5 survivors (5120K)
 Metaspace       used 35962K, committed 36352K, reserved 1081344K
  class space    used 4713K, committed 4864K, reserved 1048576K
}
Event: 6.896 GC heap before
{Heap before GC invocations=11 (full 0):
 garbage-first heap   total 78848K, used 56225K [0x0000000081e00000, 0x0000000100000000)
  region size 1024K, 34 young (34816K), 5 survivors (5120K)
 Metaspace       used 36088K, committed 36480K, reserved 1081344K
  class space    used 4737K, committed 4928K, reserved 1048576K
}
Event: 6.903 GC heap after
{Heap after GC invocations=12 (full 0):
 garbage-first heap   total 78848K, used 31744K [0x0000000081e00000, 0x0000000100000000)
  region size 1024K, 5 young (5120K), 5 survivors (5120K)
 Metaspace       used 36088K, committed 36480K, reserved 1081344K
  class space    used 4737K, committed 4928K, reserved 1048576K
}
Event: 6.955 GC heap before
{Heap before GC invocations=12 (full 0):
 garbage-first heap   total 78848K, used 61440K [0x0000000081e00000, 0x0000000100000000)
  region size 1024K, 31 young (31744K), 5 survivors (5120K)
 Metaspace       used 36216K, committed 36608K, reserved 1081344K
  class space    used 4761K, committed 4928K, reserved 1048576K
}
Event: 6.959 GC heap after
{Heap after GC invocations=13 (full 0):
 garbage-first heap   total 78848K, used 38433K [0x0000000081e00000, 0x0000000100000000)
  region size 1024K, 4 young (4096K), 4 survivors (4096K)
 Metaspace       used 36216K, committed 36608K, reserved 1081344K
  class space    used 4761K, committed 4928K, reserved 1048576K
}
Event: 6.992 GC heap before
{Heap before GC invocations=13 (full 0):
 garbage-first heap   total 78848K, used 58913K [0x0000000081e00000, 0x0000000100000000)
  region size 1024K, 24 young (24576K), 4 survivors (4096K)
 Metaspace       used 36263K, committed 36672K, reserved 1081344K
  class space    used 4767K, committed 4992K, reserved 1048576K
}
Event: 6.998 GC heap after
{Heap after GC invocations=14 (full 0):
 garbage-first heap   total 78848K, used 45862K [0x0000000081e00000, 0x0000000100000000)
  region size 1024K, 3 young (3072K), 3 survivors (3072K)
 Metaspace       used 36263K, committed 36672K, reserved 1081344K
  class space    used 4767K, committed 4992K, reserved 1048576K
}
Event: 7.032 GC heap before
{Heap before GC invocations=14 (full 0):
 garbage-first heap   total 78848K, used 60198K [0x0000000081e00000, 0x0000000100000000)
  region size 1024K, 17 young (17408K), 3 survivors (3072K)
 Metaspace       used 36334K, committed 36736K, reserved 1081344K
  class space    used 4769K, committed 4992K, reserved 1048576K
}
Event: 7.037 GC heap after
{Heap after GC invocations=15 (full 0):
 garbage-first heap   total 157696K, used 49608K [0x0000000081e00000, 0x0000000100000000)
  region size 1024K, 3 young (3072K), 3 survivors (3072K)
 Metaspace       used 36334K, committed 36736K, reserved 1081344K
  class space    used 4769K, committed 4992K, reserved 1048576K
}
Event: 7.272 GC heap before
{Heap before GC invocations=16 (full 0):
 garbage-first heap   total 157696K, used 106952K [0x0000000081e00000, 0x0000000100000000)
  region size 1024K, 58 young (59392K), 3 survivors (3072K)
 Metaspace       used 37696K, committed 38144K, reserved 1089536K
  class space    used 4888K, committed 5120K, reserved 1048576K
}
Event: 7.297 GC heap after
{Heap after GC invocations=17 (full 0):
 garbage-first heap   total 157696K, used 68517K [0x0000000081e00000, 0x0000000100000000)
  region size 1024K, 8 young (8192K), 8 survivors (8192K)
 Metaspace       used 37696K, committed 38144K, reserved 1089536K
  class space    used 4888K, committed 5120K, reserved 1048576K
}
Event: 7.317 GC heap before
{Heap before GC invocations=17 (full 0):
 garbage-first heap   total 157696K, used 108453K [0x0000000081e00000, 0x0000000100000000)
  region size 1024K, 48 young (49152K), 8 survivors (8192K)
 Metaspace       used 37752K, committed 38144K, reserved 1089536K
  class space    used 4889K, committed 5120K, reserved 1048576K
}
Event: 7.321 GC heap after
{Heap after GC invocations=18 (full 0):
 garbage-first heap   total 157696K, used 72388K [0x0000000081e00000, 0x0000000100000000)
  region size 1024K, 3 young (3072K), 3 survivors (3072K)
 Metaspace       used 37752K, committed 38144K, reserved 1089536K
  class space    used 4889K, committed 5120K, reserved 1048576K
}
Event: 7.332 GC heap before
{Heap before GC invocations=18 (full 0):
 garbage-first heap   total 157696K, used 114372K [0x0000000081e00000, 0x0000000100000000)
  region size 1024K, 45 young (46080K), 3 survivors (3072K)
 Metaspace       used 37802K, committed 38208K, reserved 1089536K
  class space    used 4890K, committed 5120K, reserved 1048576K
}
Event: 7.334 GC heap after
{Heap after GC invocations=19 (full 0):
 garbage-first heap   total 157696K, used 73268K [0x0000000081e00000, 0x0000000100000000)
  region size 1024K, 4 young (4096K), 4 survivors (4096K)
 Metaspace       used 37802K, committed 38208K, reserved 1089536K
  class space    used 4890K, committed 5120K, reserved 1048576K
}
Event: 7.349 GC heap before
{Heap before GC invocations=19 (full 0):
 garbage-first heap   total 157696K, used 118324K [0x0000000081e00000, 0x0000000100000000)
  region size 1024K, 49 young (50176K), 4 survivors (4096K)
 Metaspace       used 37864K, committed 38272K, reserved 1089536K
  class space    used 4900K, committed 5120K, reserved 1048576K
}
Event: 7.352 GC heap after
{Heap after GC invocations=20 (full 0):
 garbage-first heap   total 157696K, used 75214K [0x0000000081e00000, 0x0000000100000000)
  region size 1024K, 6 young (6144K), 6 survivors (6144K)
 Metaspace       used 37864K, committed 38272K, reserved 1089536K
  class space    used 4900K, committed 5120K, reserved 1048576K
}
Event: 7.406 GC heap before
{Heap before GC invocations=20 (full 0):
 garbage-first heap   total 157696K, used 121294K [0x0000000081e00000, 0x0000000100000000)
  region size 1024K, 52 young (53248K), 6 survivors (6144K)
 Metaspace       used 37928K, committed 38336K, reserved 1089536K
  class space    used 4906K, committed 5120K, reserved 1048576K
}

