# JRE version: OpenJDK Runtime Environment Temurin-17.0.5+8 (17.0.5+8) (build 17.0.5+8)
# Java VM: OpenJDK 64-Bit Server VM Temurin-17.0.5+8 (17.0.5+8, mixed mode, emulated-client, tiered, compressed oops, compressed class ptrs, g1 gc, windows-amd64)
GC Precious Log:
 CPUs: 8 total, 8 available
 Memory: 8066M
 Large Page Support: Disabled
 NUMA Support: Disabled
 Compressed Oops: Enabled (32-bit)
 Heap Region Size: 1M
 Heap Min Capacity: 8M
 Heap Initial Capacity: 128M
 Heap Max Capacity: 2018M
 Pre-touch: Disabled
 Parallel Workers: 8
 Concurrent Workers: 2
 Concurrent Refinement Workers: 8
 Periodic GC: Disabled
Heap:
 garbage-first heap   total 262144K, used 90663K [0x0000000081e00000, 0x0000000100000000)
  region size 1024K, 11 young (11264K), 11 survivors (11264K)
 Metaspace       used 37520K, committed 37888K, reserved 1089536K
  class space    used 4874K, committed 5056K, reserved 1048576K
GC Heap History (20 events):
Event: 5.791 GC heap after
{Heap after GC invocations=15 (full 0):
 garbage-first heap   total 131072K, used 38474K [0x0000000081e00000, 0x0000000100000000)
  region size 1024K, 2 young (2048K), 2 survivors (2048K)
 Metaspace       used 36518K, committed 36928K, reserved 1089536K
  class space    used 4783K, committed 4992K, reserved 1048576K
}
Event: 6.042 GC heap before
{Heap before GC invocations=16 (full 0):
 garbage-first heap   total 131072K, used 90698K [0x0000000081e00000, 0x0000000100000000)
  region size 1024K, 53 young (54272K), 2 survivors (2048K)
 Metaspace       used 36968K, committed 37312K, reserved 1089536K
  class space    used 4812K, committed 4992K, reserved 1048576K
}
Event: 6.057 GC heap after
{Heap after GC invocations=17 (full 0):
 garbage-first heap   total 131072K, used 50704K [0x0000000081e00000, 0x0000000100000000)
  region size 1024K, 7 young (7168K), 7 survivors (7168K)
 Metaspace       used 36968K, committed 37312K, reserved 1089536K
  class space    used 4812K, committed 4992K, reserved 1048576K
}
Event: 6.425 GC heap before
{Heap before GC invocations=17 (full 0):
 garbage-first heap   total 131072K, used 87568K [0x0000000081e00000, 0x0000000100000000)
  region size 1024K, 42 young (43008K), 7 survivors (7168K)
 Metaspace       used 37347K, committed 37760K, reserved 1089536K
  class space    used 4855K, committed 5056K, reserved 1048576K
}
Event: 6.474 GC heap after
{Heap after GC invocations=18 (full 0):
 garbage-first heap   total 131072K, used 68474K [0x0000000081e00000, 0x0000000100000000)
  region size 1024K, 6 young (6144K), 6 survivors (6144K)
 Metaspace       used 37347K, committed 37760K, reserved 1089536K
  class space    used 4855K, committed 5056K, reserved 1048576K
}
Event: 6.513 GC heap before
{Heap before GC invocations=18 (full 0):
 garbage-first heap   total 131072K, used 93050K [0x0000000081e00000, 0x0000000100000000)
  region size 1024K, 31 young (31744K), 6 survivors (6144K)
 Metaspace       used 37351K, committed 37760K, reserved 1089536K
  class space    used 4856K, committed 5056K, reserved 1048576K
}
Event: 6.522 GC heap after
{Heap after GC invocations=19 (full 0):
 garbage-first heap   total 131072K, used 71931K [0x0000000081e00000, 0x0000000100000000)
  region size 1024K, 2 young (2048K), 2 survivors (2048K)
 Metaspace       used 37351K, committed 37760K, reserved 1089536K
  class space    used 4856K, committed 5056K, reserved 1048576K
}
Event: 6.545 GC heap before
{Heap before GC invocations=19 (full 0):
 garbage-first heap   total 131072K, used 96507K [0x0000000081e00000, 0x0000000100000000)
  region size 1024K, 27 young (27648K), 2 survivors (2048K)
 Metaspace       used 37383K, committed 37760K, reserved 1089536K
  class space    used 4864K, committed 5056K, reserved 1048576K
}
Event: 6.548 GC heap after
{Heap after GC invocations=20 (full 0):
 garbage-first heap   total 131072K, used 72386K [0x0000000081e00000, 0x0000000100000000)
  region size 1024K, 3 young (3072K), 3 survivors (3072K)
 Metaspace       used 37383K, committed 37760K, reserved 1089536K
  class space    used 4864K, committed 5056K, reserved 1048576K
}
Event: 6.575 GC heap before
{Heap before GC invocations=20 (full 0):
 garbage-first heap   total 131072K, used 97986K [0x0000000081e00000, 0x0000000100000000)
  region size 1024K, 29 young (29696K), 3 survivors (3072K)
 Metaspace       used 37420K, committed 37824K, reserved 1089536K
  class space    used 4866K, committed 5056K, reserved 1048576K
}
Event: 6.581 GC heap after
{Heap after GC invocations=21 (full 0):
 garbage-first heap   total 262144K, used 73455K [0x0000000081e00000, 0x0000000100000000)
  region size 1024K, 3 young (3072K), 3 survivors (3072K)
 Metaspace       used 37420K, committed 37824K, reserved 1089536K
  class space    used 4866K, committed 5056K, reserved 1048576K
}
Event: 6.698 GC heap before
{Heap before GC invocations=21 (full 0):
 garbage-first heap   total 262144K, used 175855K [0x0000000081e00000, 0x0000000100000000)
  region size 1024K, 104 young (106496K), 3 survivors (3072K)
 Metaspace       used 37464K, committed 37824K, reserved 1089536K
  class space    used 4870K, committed 5056K, reserved 1048576K
}
Event: 6.706 GC heap after
{Heap after GC invocations=22 (full 0):
 garbage-first heap   total 262144K, used 77445K [0x0000000081e00000, 0x0000000100000000)
  region size 1024K, 7 young (7168K), 7 survivors (7168K)
 Metaspace       used 37464K, committed 37824K, reserved 1089536K
  class space    used 4870K, committed 5056K, reserved 1048576K
}
Event: 6.812 GC heap before
{Heap before GC invocations=23 (full 0):
 garbage-first heap   total 262144K, used 196229K [0x0000000081e00000, 0x0000000100000000)
  region size 1024K, 125 young (128000K), 7 survivors (7168K)
 Metaspace       used 37498K, committed 37888K, reserved 1089536K
  class space    used 4872K, committed 5056K, reserved 1048576K
}
Event: 6.821 GC heap after
{Heap after GC invocations=24 (full 0):
 garbage-first heap   total 262144K, used 81011K [0x0000000081e00000, 0x0000000100000000)
  region size 1024K, 11 young (11264K), 11 survivors (11264K)
 Metaspace       used 37498K, committed 37888K, reserved 1089536K
  class space    used 4872K, committed 5056K, reserved 1048576K
}
Event: 6.823 GC heap before
{Heap before GC invocations=24 (full 0):
 garbage-first heap   total 262144K, used 83059K [0x0000000081e00000, 0x0000000100000000)
  region size 1024K, 13 young (13312K), 11 survivors (11264K)
 Metaspace       used 37498K, committed 37888K, reserved 1089536K
  class space    used 4872K, committed 5056K, reserved 1048576K
}
Event: 6.833 GC heap after
{Heap after GC invocations=25 (full 0):
 garbage-first heap   total 262144K, used 81450K [0x0000000081e00000, 0x0000000100000000)
  region size 1024K, 2 young (2048K), 2 survivors (2048K)
 Metaspace       used 37498K, committed 37888K, reserved 1089536K
  class space    used 4872K, committed 5056K, reserved 1048576K
}
Event: 6.890 GC heap before
{Heap before GC invocations=25 (full 0):
 garbage-first heap   total 262144K, used 203306K [0x0000000081e00000, 0x0000000100000000)
  region size 1024K, 122 young (124928K), 2 survivors (2048K)
 Metaspace       used 37519K, committed 37888K, reserved 1089536K
  class space    used 4873K, committed 5056K, reserved 1048576K
}
Event: 6.895 GC heap after
{Heap after GC invocations=26 (full 0):
 garbage-first heap   total 262144K, used 85858K [0x0000000081e00000, 0x0000000100000000)
  region size 1024K, 6 young (6144K), 6 survivors (6144K)
 Metaspace       used 37519K, committed 37888K, reserved 1089536K
  class space    used 4873K, committed 5056K, reserved 1048576K
}
Event: 6.956 GC heap before
{Heap before GC invocations=26 (full 0):
 garbage-first heap   total 262144K, used 206690K [0x0000000081e00000, 0x0000000100000000)
  region size 1024K, 125 young (128000K), 6 survivors (6144K)
 Metaspace       used 37520K, committed 37888K, reserved 1089536K
  class space    used 4874K, committed 5056K, reserved 1048576K
}

